TN:
SF:/home/mrmine/prg/interscore/backend/main.c
FNL:0,117,193
FNA:0,15,handle_message
FNL:1,195,199
FNA:1,0,obs_switch_scene
FNL:2,202,271
FNA:2,0,obs_replay_start
FNL:3,26,29
FNA:3,0,die
FNL:4,273,323
FNA:4,0,ev_handler_client
FNL:5,31,49
FNA:5,32,log_msg
FNL:6,325,392
FNA:6,0,ev_handler_server
FNL:7,394,420
FNA:7,0,mongoose_update
FNL:8,422,466
FNA:8,0,args
FNL:9,468,478
FNA:9,0,init_obs
FNL:10,480,490
FNA:10,0,init_server
FNL:11,52,71
FNA:11,0,copy_file
FNL:12,97,115
FNA:12,0,create_replay_dirs
FNF:13
FNH:2
BRDA:32,0,0,0
BRDA:32,0,1,32
BRDA:32,0,2,0
BRDA:32,0,3,0
BRDA:35,0,0,-
BRDA:35,0,1,-
BRDA:35,0,2,-
BRDA:35,0,3,-
BRDA:54,0,0,-
BRDA:54,0,1,-
BRDA:57,0,0,-
BRDA:57,0,1,-
BRDA:99,0,0,-
BRDA:99,0,1,-
BRDA:99,0,2,-
BRDA:99,0,3,-
BRDA:108,0,0,-
BRDA:108,0,1,-
BRDA:108,0,2,-
BRDA:108,0,3,-
BRDA:119,0,0,2
BRDA:119,0,1,0
BRDA:119,0,2,2
BRDA:119,0,3,1
BRDA:119,0,4,2
BRDA:119,0,5,3
BRDA:119,0,6,5
BRDA:146,0,0,0
BRDA:146,0,1,2
BRDA:150,0,0,1
BRDA:150,0,1,1
BRDA:157,0,0,0
BRDA:157,0,1,1
BRDA:158,0,0,1
BRDA:158,0,1,0
BRDA:162,0,0,-
BRDA:162,0,1,-
BRDA:170,0,0,2
BRDA:170,0,1,0
BRDA:170,0,2,0
BRDA:170,0,3,2
BRDA:171,0,0,1
BRDA:171,0,1,1
BRDA:186,0,0,9
BRDA:186,0,1,8
BRDA:187,0,0,0
BRDA:187,0,1,9
BRDA:187,0,2,0
BRDA:187,0,3,0
BRDA:213,0,0,-
BRDA:213,0,1,-
BRDA:224,0,0,-
BRDA:224,0,1,-
BRDA:242,0,0,-
BRDA:242,0,1,-
BRDA:248,0,0,-
BRDA:248,0,1,-
BRDA:248,0,2,-
BRDA:248,0,3,-
BRDA:259,0,0,-
BRDA:259,0,1,-
BRDA:264,0,0,-
BRDA:264,0,1,-
BRDA:274,0,0,-
BRDA:274,0,1,-
BRDA:274,0,2,-
BRDA:274,0,3,-
BRDA:274,0,4,-
BRDA:274,0,5,-
BRDA:290,0,0,-
BRDA:290,0,1,-
BRDA:294,0,0,-
BRDA:294,0,1,-
BRDA:297,0,0,-
BRDA:297,0,1,-
BRDA:297,0,2,-
BRDA:297,0,3,-
BRDA:299,0,0,-
BRDA:299,0,1,-
BRDA:301,0,0,-
BRDA:301,0,1,-
BRDA:327,0,0,-
BRDA:327,0,1,-
BRDA:327,0,2,-
BRDA:327,0,3,-
BRDA:327,0,4,-
BRDA:327,0,5,-
BRDA:327,0,6,-
BRDA:327,0,7,-
BRDA:335,0,0,-
BRDA:335,0,1,-
BRDA:336,0,0,-
BRDA:336,0,1,-
BRDA:341,0,0,-
BRDA:341,0,1,-
BRDA:342,0,0,-
BRDA:342,0,1,-
BRDA:358,0,0,-
BRDA:358,0,1,-
BRDA:360,0,0,-
BRDA:360,0,1,-
BRDA:361,0,0,-
BRDA:361,0,1,-
BRDA:375,0,0,-
BRDA:375,0,1,-
BRDA:401,0,0,-
BRDA:401,0,1,-
BRDA:403,0,0,-
BRDA:403,0,1,-
BRDA:405,0,0,-
BRDA:405,0,1,-
BRDA:410,0,0,-
BRDA:410,0,1,-
BRDA:412,0,0,-
BRDA:412,0,1,-
BRDA:423,0,0,-
BRDA:423,0,1,-
BRDA:424,0,0,-
BRDA:424,0,1,-
BRDA:426,0,0,-
BRDA:426,0,1,-
BRDA:427,0,0,-
BRDA:427,0,1,-
BRDA:432,0,0,-
BRDA:432,0,1,-
BRDA:433,0,0,-
BRDA:433,0,1,-
BRDA:438,0,0,-
BRDA:438,0,1,-
BRDA:439,0,0,-
BRDA:439,0,1,-
BRDA:443,0,0,-
BRDA:443,0,1,-
BRDA:454,0,0,-
BRDA:454,0,1,-
BRDA:458,0,0,-
BRDA:458,0,1,-
BRDA:462,0,0,-
BRDA:462,0,1,-
BRDA:469,0,0,-
BRDA:469,0,1,-
BRDA:485,0,0,-
BRDA:485,0,1,-
BRF:143
BRH:19
MCDC:32,2,t,1,0,0
MCDC:32,2,f,0,0,0
MCDC:32,2,t,0,1,1
MCDC:32,2,f,0,1,1
MCDC:54,1,t,0,0,0
MCDC:54,1,f,0,0,0
MCDC:57,1,t,0,0,0
MCDC:57,1,f,0,0,0
MCDC:99,2,t,0,0,0
MCDC:99,2,f,0,0,0
MCDC:99,2,t,0,1,1
MCDC:99,2,f,0,1,1
MCDC:108,2,t,0,0,0
MCDC:108,2,f,0,0,0
MCDC:108,2,t,0,1,1
MCDC:108,2,f,0,1,1
MCDC:146,1,t,0,0,0
MCDC:146,1,f,1,0,0
MCDC:150,1,t,1,0,0
MCDC:150,1,f,1,0,0
MCDC:157,1,t,0,0,0
MCDC:157,1,f,1,0,0
MCDC:158,1,t,1,0,0
MCDC:158,1,f,0,0,0
MCDC:162,1,t,0,0,0
MCDC:162,1,f,0,0,0
MCDC:170,2,t,0,0,0
MCDC:170,2,f,1,0,0
MCDC:170,2,t,0,1,1
MCDC:170,2,f,1,1,1
MCDC:171,1,t,1,0,0
MCDC:171,1,f,1,0,0
MCDC:186,1,t,1,0,0
MCDC:186,1,f,1,0,0
MCDC:187,2,t,0,0,0
MCDC:187,2,f,1,0,0
MCDC:187,2,t,0,1,1
MCDC:187,2,f,0,1,1
MCDC:213,1,t,0,0,0
MCDC:213,1,f,0,0,0
MCDC:224,1,t,0,0,0
MCDC:224,1,f,0,0,0
MCDC:242,1,t,0,0,0
MCDC:242,1,f,0,0,0
MCDC:248,2,t,0,0,0
MCDC:248,2,f,0,0,0
MCDC:248,2,t,0,1,1
MCDC:248,2,f,0,1,1
MCDC:259,1,t,0,0,0
MCDC:259,1,f,0,0,0
MCDC:264,1,t,0,0,0
MCDC:264,1,f,0,0,0
MCDC:290,1,t,0,0,0
MCDC:290,1,f,0,0,0
MCDC:294,1,t,0,0,0
MCDC:294,1,f,0,0,0
MCDC:297,2,t,0,0,0
MCDC:297,2,f,0,0,0
MCDC:297,2,t,0,1,1
MCDC:297,2,f,0,1,1
MCDC:299,1,t,0,0,0
MCDC:299,1,f,0,0,0
MCDC:301,1,t,0,0,0
MCDC:301,1,f,0,0,0
MCDC:335,1,t,0,0,0
MCDC:335,1,f,0,0,0
MCDC:336,1,t,0,0,0
MCDC:336,1,f,0,0,0
MCDC:341,1,t,0,0,0
MCDC:341,1,f,0,0,0
MCDC:342,1,t,0,0,0
MCDC:342,1,f,0,0,0
MCDC:358,1,t,0,0,0
MCDC:358,1,f,0,0,0
MCDC:360,1,t,0,0,0
MCDC:360,1,f,0,0,0
MCDC:361,1,t,0,0,0
MCDC:361,1,f,0,0,0
MCDC:375,1,t,0,0,0
MCDC:375,1,f,0,0,0
MCDC:401,1,t,0,0,0
MCDC:401,1,f,0,0,0
MCDC:403,1,t,0,0,0
MCDC:403,1,f,0,0,0
MCDC:405,1,t,0,0,0
MCDC:405,1,f,0,0,0
MCDC:410,1,t,0,0,0
MCDC:410,1,f,0,0,0
MCDC:412,1,t,0,0,0
MCDC:412,1,f,0,0,0
MCDC:423,1,t,0,0,0
MCDC:423,1,f,0,0,0
MCDC:424,1,t,0,0,0
MCDC:424,1,f,0,0,0
MCDC:426,1,t,0,0,0
MCDC:426,1,f,0,0,0
MCDC:427,1,t,0,0,0
MCDC:427,1,f,0,0,0
MCDC:432,1,t,0,0,0
MCDC:432,1,f,0,0,0
MCDC:433,1,t,0,0,0
MCDC:433,1,f,0,0,0
MCDC:438,1,t,0,0,0
MCDC:438,1,f,0,0,0
MCDC:439,1,t,0,0,0
MCDC:439,1,f,0,0,0
MCDC:443,1,t,0,0,0
MCDC:443,1,f,0,0,0
MCDC:454,1,t,0,0,0
MCDC:454,1,f,0,0,0
MCDC:458,1,t,0,0,0
MCDC:458,1,f,0,0,0
MCDC:462,1,t,0,0,0
MCDC:462,1,f,0,0,0
MCDC:469,1,t,0,0,0
MCDC:469,1,f,0,0,0
MCDC:485,1,t,0,0,0
MCDC:485,1,f,0,0,0
MCF:118
MCH:13
DA:26,0
DA:27,0
DA:28,0
DA:31,32
DA:32,32
DA:34,0
DA:35,0
DA:36,0
DA:37,0
DA:38,0
DA:41,0
DA:44,0
DA:45,0
DA:46,0
DA:48,0
DA:52,0
DA:53,0
DA:54,0
DA:56,0
DA:57,0
DA:58,0
DA:59,0
DA:63,0
DA:65,0
DA:66,0
DA:68,0
DA:69,0
DA:70,0
DA:97,0
DA:99,0
DA:100,0
DA:101,0
DA:102,0
DA:103,0
DA:106,0
DA:107,0
DA:108,0
DA:109,0
DA:110,0
DA:111,0
DA:114,0
DA:117,15
DA:118,15
DA:119,15
DA:121,2
DA:136,2
DA:137,2
DA:138,2
DA:140,0
DA:141,0
DA:142,0
DA:143,0
DA:145,2
DA:146,2
DA:147,0
DA:148,0
DA:150,2
DA:151,1
DA:153,1
DA:154,2
DA:156,1
DA:157,1
DA:158,1
DA:159,1
DA:160,1
DA:162,0
DA:164,0
DA:166,0
DA:167,0
DA:169,2
DA:170,2
DA:171,2
DA:172,1
DA:173,1
DA:175,1
DA:176,1
DA:177,1
DA:178,1
DA:179,1
DA:180,3
DA:181,3
DA:182,3
DA:185,8
DA:186,17
DA:187,9
DA:188,9
DA:189,9
DA:191,8
DA:193,15
DA:195,0
DA:196,0
DA:197,0
DA:198,0
DA:199,0
DA:202,0
DA:203,0
DA:204,0
DA:205,0
DA:207,0
DA:210,0
DA:211,0
DA:212,0
DA:213,0
DA:215,0
DA:217,0
DA:218,0
DA:219,0
DA:221,0
DA:222,0
DA:223,0
DA:224,0
DA:225,0
DA:226,0
DA:231,0
DA:234,0
DA:236,0
DA:241,0
DA:242,0
DA:244,0
DA:246,0
DA:247,0
DA:248,0
DA:249,0
DA:250,0
DA:251,0
DA:254,0
DA:256,0
DA:257,0
DA:259,0
DA:260,0
DA:262,0
DA:264,0
DA:265,0
DA:266,0
DA:269,0
DA:270,0
DA:273,0
DA:274,0
DA:275,0
DA:276,0
DA:277,0
DA:278,0
DA:279,0
DA:280,0
DA:281,0
DA:283,0
DA:284,0
DA:285,0
DA:286,0
DA:287,0
DA:288,0
DA:289,0
DA:290,0
DA:292,0
DA:293,0
DA:294,0
DA:297,0
DA:298,0
DA:299,0
DA:300,0
DA:301,0
DA:303,0
DA:305,0
DA:306,0
DA:307,0
DA:308,0
DA:309,0
DA:311,0
DA:319,0
DA:320,0
DA:321,0
DA:323,0
DA:325,0
DA:327,0
DA:328,0
DA:329,0
DA:330,0
DA:331,0
DA:332,0
DA:333,0
DA:334,0
DA:335,0
DA:336,0
DA:337,0
DA:338,0
DA:339,0
DA:341,0
DA:342,0
DA:343,0
DA:344,0
DA:345,0
DA:346,0
DA:350,0
DA:351,0
DA:353,0
DA:354,0
DA:355,0
DA:356,0
DA:358,0
DA:360,0
DA:361,0
DA:364,0
DA:365,0
DA:366,0
DA:368,0
DA:369,0
DA:370,0
DA:371,0
DA:372,0
DA:375,0
DA:376,0
DA:378,0
DA:379,0
DA:382,0
DA:388,0
DA:389,0
DA:390,0
DA:392,0
DA:394,0
DA:395,0
DA:396,0
DA:399,0
DA:400,0
DA:401,0
DA:402,0
DA:403,0
DA:404,0
DA:405,0
DA:406,0
DA:407,0
DA:408,0
DA:410,0
DA:411,0
DA:412,0
DA:413,0
DA:414,0
DA:415,0
DA:422,0
DA:423,0
DA:424,0
DA:425,0
DA:426,0
DA:427,0
DA:428,0
DA:429,0
DA:430,0
DA:431,0
DA:432,0
DA:433,0
DA:434,0
DA:435,0
DA:436,0
DA:437,0
DA:438,0
DA:439,0
DA:440,0
DA:443,0
DA:444,0
DA:445,0
DA:446,0
DA:447,0
DA:449,0
DA:454,0
DA:455,0
DA:456,0
DA:458,0
DA:459,0
DA:460,0
DA:462,0
DA:463,0
DA:464,0
DA:466,0
DA:468,0
DA:469,0
DA:471,0
DA:474,0
DA:475,0
DA:476,0
DA:477,0
DA:480,0
DA:482,0
DA:483,0
DA:485,0
DA:486,0
DA:487,0
DA:489,0
LF:286
LH:40
end_of_record
TN:
SF:/home/mrmine/prg/interscore/test/backend/test.c
FNL:0,112,115
FNA:0,2,obs_send_cmd
FNL:1,117,136
FNA:1,1,test_obs_stream_on
FNL:2,138,158
FNA:2,1,test_game_data_to_all_clients
FNL:3,16,24
FNA:3,12,ws_send
FNL:4,160,174
FNA:4,1,test_short_message
FNL:5,176,188
FNA:5,1,main
FNL:6,26,34
FNA:6,8,forward_to_receiver
FNL:7,36,55
FNA:7,2,test_forward_to_boss
FNL:8,57,86
FNA:8,1,test_im_the_boss
FNL:9,88,107
FNA:9,1,test_data_gameindex_updates
FNF:10
FNH:10
BRDA:20,0,0,12
BRDA:20,0,1,0
BRDA:20,0,2,12
BRDA:20,0,3,0
BRDA:32,0,0,16
BRDA:32,0,1,8
BRF:6
BRH:4
MCDC:20,2,t,1,0,0
MCDC:20,2,f,0,0,0
MCDC:20,2,t,1,1,1
MCDC:20,2,f,0,1,1
MCDC:32,1,t,1,0,0
MCDC:32,1,f,1,0,0
MCF:6
MCH:4
DA:16,12
DA:17,12
DA:18,12
DA:19,12
DA:20,12
DA:21,12
DA:23,12
DA:26,8
DA:27,8
DA:28,8
DA:30,8
DA:31,8
DA:32,24
DA:33,16
DA:34,8
DA:36,2
DA:39,2
DA:40,2
DA:42,2
DA:43,2
DA:45,2
DA:46,2
DA:48,2
DA:49,2
DA:50,2
DA:51,2
DA:52,2
DA:53,2
DA:54,2
DA:55,2
DA:57,1
DA:60,1
DA:61,1
DA:62,1
DA:63,1
DA:65,1
DA:66,1
DA:68,1
DA:70,1
DA:71,1
DA:74,1
DA:77,1
DA:80,1
DA:81,1
DA:82,1
DA:83,1
DA:84,1
DA:85,1
DA:86,1
DA:88,1
DA:91,1
DA:92,1
DA:93,1
DA:94,1
DA:95,1
DA:96,1
DA:98,1
DA:99,1
DA:101,1
DA:103,1
DA:104,1
DA:105,1
DA:106,1
DA:107,1
DA:112,2
DA:113,2
DA:114,2
DA:115,2
DA:117,1
DA:120,1
DA:121,1
DA:123,1
DA:124,1
DA:126,1
DA:128,1
DA:129,1
DA:130,1
DA:132,1
DA:133,1
DA:134,1
DA:135,1
DA:136,1
DA:138,1
DA:141,1
DA:142,1
DA:143,1
DA:145,1
DA:146,1
DA:147,1
DA:148,1
DA:150,1
DA:151,1
DA:153,1
DA:156,1
DA:158,1
DA:160,1
DA:163,1
DA:164,1
DA:165,1
DA:167,1
DA:168,1
DA:170,1
DA:173,1
DA:174,1
DA:176,1
DA:177,1
DA:187,1
LF:107
LH:107
end_of_record
